C51 COMPILER V9.51   GSM                                                                   04/21/2013 20:19:37 PAGE 1   


C51 COMPILER V9.51, COMPILATION OF MODULE GSM
OBJECT MODULE PLACED IN gsm.OBJ
COMPILER INVOKED BY: C:\Keil\C51\BIN\C51.EXE gsm.c BROWSE DEBUG OBJECTEXTEND TABS(2)

line level    source

   1          //#pragma compact
   2          #include<reg51.h>
   3          #include<delay.h>
   4          #include<LCD.h>
   5          void send_sms(char *s);
   6          // Function Definition
   7          
   8          void init_serial(void)
   9          {
  10   1      TH1=0xFD;         // 9600 baud rate
  11   1      TL1=0xFD;
  12   1      SCON=0x50;        // Serial mode=1, 8-Bit data, 1 Stop bit, 1 Start bit, Receiving on
  13   1      TR1=1;
  14   1      }
  15          
  16          void transmit(unsigned char c)
  17          {
  18   1      SBUF=c;
  19   1      while(TI!=1);
  20   1      TI=0;
  21   1      }
  22          
  23          void gsm_cmd(char *s)
  24          {
  25   1      int i=0;
  26   1      while(s[i]!='\0')
  27   1      {
  28   2      transmit(s[i]);
  29   2      i++;
  30   2      }
  31   1      }
  32          
  33          void gsminit(void)
  34          {
  35   1      send_sms("READY\r");
  36   1      }
  37          
  38          void send_sms(char *s)
  39          {
  40   1        gsm_cmd("AT\r");  // AT command to Initialize GSM Modem
  41   1        delay(50);
  42   1        gsm_cmd("ATe0\r"); // Turn off echo
  43   1        delay(50);
  44   1        gsm_cmd("AT&W\r"); // Save settings
  45   1        delay(50);
  46   1        gsm_cmd("AT+CMGF=1\r"); // select text message for sms
  47   1        delay1(50);
  48   1        gsm_cmd("AT+CNMI=2,1,0,0,0\r"); // notification for new message
  49   1        delay(50);
  50   1        gsm_cmd("AT+CMGS=\"+919882111750\"\r");
  51   1        delay1(50);
  52   1        gsm_cmd(s);
  53   1        delay1(50);
  54   1        SBUF=0x1A;
  55   1        delay(50);  
C51 COMPILER V9.51   GSM                                                                   04/21/2013 20:19:37 PAGE 2   

  56   1      }


MODULE INFORMATION:   STATIC OVERLAYABLE
   CODE SIZE        =    193    ----
   CONSTANT SIZE    =     78    ----
   XDATA SIZE       =   ----    ----
   PDATA SIZE       =   ----    ----
   DATA SIZE        =   ----       6
   IDATA SIZE       =   ----    ----
   BIT SIZE         =   ----    ----
END OF MODULE INFORMATION.


C51 COMPILATION COMPLETE.  0 WARNING(S),  0 ERROR(S)
